{"Name":"WorkerQueueManagement","HostName":"CCASERGIOCP","ApiKey":"N/A","Uri":"N/A","ResponseCode":0,"ResponseTime":598,"Ip":null,"Level":10,"Message":"Iniciando servicio de consola Worker","DateTime":"2023-04-10 02:29:43","Version":"v1"}
{"Name":"WorkerQueueManagement","HostName":"CCASERGIOCP","ApiKey":"N/A","Uri":"N/A","ResponseCode":0,"ResponseTime":367,"Ip":null,"Level":10,"Message":"Iniciando servicio de consola Worker","DateTime":"2023-04-10 02:47:42","Version":"v1"}
{"Name":"WorkerQueueManagement","HostName":"CCASERGIOCP","ApiKey":"N/A","Uri":"N/A","ResponseCode":0,"ResponseTime":717,"Ip":null,"Level":10,"Message":"Iniciando servicio de consola Worker","DateTime":"2023-04-10 02:49:51","Version":"v1"}
{"Name":"WorkerQueueManagement","HostName":"CCASERGIOCP","ApiKey":"N/A","Uri":"N/A","ResponseCode":201,"ResponseTime":67,"Ip":null,"Level":20,"Message":"El proceso de su solicitud fue enviado con exito, pronto recibira una respuesta al correo 20220001-jlopez@kalum.edu.gt","DateTime":"2023-04-10 02:50:01","Version":"v1"}
{"Name":"WorkerQueueManagement","HostName":"CCASERGIOCP","ApiKey":"N/A","Uri":"N/A","ResponseCode":0,"ResponseTime":31,"Ip":null,"Level":10,"Message":"Iniciando servicio de consola Worker","DateTime":"2023-04-11 05:32:06","Version":"v1"}
{"Name":"WorkerQueueManagement","HostName":"CCASERGIOCP","ApiKey":"N/A","Uri":"N/A","ResponseCode":201,"ResponseTime":14,"Ip":null,"Level":20,"Message":"El proceso de su solicitud fue enviado con exito, pronto recibira una respuesta al correo 20220001-jlopez@kalum.edu.gt","DateTime":"2023-04-11 05:49:41","Version":"v1"}
{"Name":"WorkerQueueManagement","HostName":"CCASERGIOCP","ApiKey":"N/A","Uri":"N/A","ResponseCode":0,"ResponseTime":152,"Ip":null,"Level":10,"Message":"Iniciando servicio de consola Worker","DateTime":"2023-04-11 05:52:18","Version":"v1"}
{"Name":"KalumManagement","HostName":"CCASERGIOCP","ApiKey":"N/A","Uri":"N/A","ResponseCode":0,"ResponseTime":495,"Ip":null,"Level":10,"Message":"Iniciando servicio kalumnManagement","DateTime":"2023-05-09 06:03:38","Version":"v1"}
{"Name":"KalumManagement","HostName":"CCASERGIOCP","ApiKey":"N/A","Uri":"N/A","ResponseCode":0,"ResponseTime":936,"Ip":null,"Level":10,"Message":"Iniciando servicio kalumnManagement","DateTime":"2023-05-09 07:06:12","Version":"v1"}
{"Name":"KalumManagement","HostName":"CCASERGIOCP","ApiKey":"N/A","Uri":"N/A","ResponseCode":0,"ResponseTime":260,"Ip":null,"Level":10,"Message":"Iniciando servicio kalumnManagement","DateTime":"2023-05-09 07:11:07","Version":"v1"}
{"Name":"KalumManagement","HostName":"CCASERGIOCP","ApiKey":"N/A","Uri":"N/A","ResponseCode":0,"ResponseTime":573,"Ip":null,"Level":10,"Message":"Iniciando servicio kalumnManagement","DateTime":"2023-05-11 01:13:58","Version":"v1"}
{"Name":"KalumManagement","HostName":"CCASERGIOCP","ApiKey":"N/A","Uri":"N/A","ResponseCode":0,"ResponseTime":610,"Ip":null,"Level":10,"Message":"Iniciando servicio kalumnManagement","DateTime":"2023-05-11 05:16:40","Version":"v1"}
{"Name":"KalumManagement","HostName":"CCASERGIOCP","ApiKey":"N/A","Uri":"N/A","ResponseCode":0,"ResponseTime":193,"Ip":null,"Level":10,"Message":"Iniciando servicio kalumnManagement","DateTime":"2023-05-14 11:10:20","Version":"v1"}
{"Name":"KalumManagement","HostName":"CCASERGIOCP","ApiKey":"N/A","Uri":"N/A","ResponseCode":0,"ResponseTime":818,"Ip":null,"Level":10,"Message":"Iniciando servicio kalumnManagement","DateTime":"2023-05-14 11:48:46","Version":"v1"}
{"Name":"KalumManagement","HostName":"CCASERGIOCP","ApiKey":"N/A","Uri":"N/A","ResponseCode":0,"ResponseTime":500,"Ip":null,"Level":10,"Message":"Iniciando servicio kalumnManagement","DateTime":"2023-05-14 11:57:51","Version":"v1"}
{"Name":"KalumManagement","HostName":"CCASERGIOCP","ApiKey":"N/A","Uri":"N/A","ResponseCode":0,"ResponseTime":616,"Ip":null,"Level":10,"Message":"Iniciando servicio kalumnManagement","DateTime":"2023-05-14 12:12:24","Version":"v1"}
{"Name":"KalumManagement","HostName":"CCASERGIOCP","ApiKey":"N/A","Uri":"N/A","ResponseCode":0,"ResponseTime":78,"Ip":null,"Level":10,"Message":"Iniciando servicio kalumnManagement","DateTime":"2023-05-14 04:52:41","Version":"v1"}
{"Name":"KalumManagement","HostName":"CCASERGIOCP","ApiKey":"N/A","Uri":"N/A","ResponseCode":0,"ResponseTime":829,"Ip":null,"Level":10,"Message":"Iniciando servicio kalumnManagement","DateTime":"2023-05-16 05:12:50","Version":"v1"}
{"Name":"KalumManagement","HostName":"CCASERGIOCP","ApiKey":"N/A","Uri":"N/A","ResponseCode":0,"ResponseTime":565,"Ip":null,"Level":10,"Message":"Iniciando servicio kalumnManagement","DateTime":"2023-05-16 07:36:35","Version":"v1"}
{"Name":"KalumManagement","HostName":"CCASERGIOCP","ApiKey":"N/A","Uri":"N/A","ResponseCode":0,"ResponseTime":854,"Ip":null,"Level":10,"Message":"Iniciando servicio kalumnManagement","DateTime":"2023-05-16 07:38:22","Version":"v1"}
{"Name":"KalumManagement","HostName":"CCASERGIOCP","ApiKey":"N/A","Uri":"N/A","ResponseCode":0,"ResponseTime":53,"Ip":null,"Level":10,"Message":"Iniciando servicio kalumnManagement","DateTime":"2023-05-16 07:44:44","Version":"v1"}
{"Name":"KalumManagement","HostName":"CCASERGIOCP","ApiKey":"N/A","Uri":"N/A","ResponseCode":0,"ResponseTime":737,"Ip":null,"Level":10,"Message":"Iniciando servicio kalumnManagement","DateTime":"2023-05-17 04:24:37","Version":"v1"}
{"Name":"KalumManagement","HostName":"CCASERGIOCP","ApiKey":"N/A","Uri":"N/A","ResponseCode":0,"ResponseTime":661,"Ip":null,"Level":10,"Message":"Iniciando servicio kalumnManagement","DateTime":"2023-05-23 05:17:00","Version":"v1"}
{"Name":"KalumManagement","HostName":"CCASERGIOCP","ApiKey":"N/A","Uri":"N/A","ResponseCode":0,"ResponseTime":909,"Ip":null,"Level":10,"Message":"Iniciando servicio kalumnManagement","DateTime":"2023-05-23 05:25:15","Version":"v1"}
{"Name":"KalumManagement","HostName":"CCASERGIOCP","ApiKey":"N/A","Uri":"N/A","ResponseCode":0,"ResponseTime":586,"Ip":null,"Level":10,"Message":"Iniciando servicio kalumnManagement","DateTime":"2023-05-23 06:10:25","Version":"v1"}
{"Name":"KalumManagement","HostName":"CCASERGIOCP","ApiKey":"N/A","Uri":"N/A","ResponseCode":0,"ResponseTime":371,"Ip":null,"Level":10,"Message":"Iniciando servicio kalumnManagement","DateTime":"2023-05-25 04:18:58","Version":"v1"}
{"Name":"KalumManagement","HostName":"CCASERGIOCP","ApiKey":"N/A","Uri":"N/A","ResponseCode":0,"ResponseTime":990,"Ip":null,"Level":10,"Message":"Iniciando servicio kalumnManagement","DateTime":"2023-05-25 05:57:12","Version":"v1"}
{"Name":"KalumManagement","HostName":"CCASERGIOCP","ApiKey":"N/A","Uri":"N/A","ResponseCode":0,"ResponseTime":66,"Ip":null,"Level":10,"Message":"Iniciando servicio kalumnManagement","DateTime":"2023-05-25 06:01:05","Version":"v1"}
{"Name":"KalumManagement","HostName":"CCASERGIOCP","ApiKey":"N/A","Uri":"N/A","ResponseCode":0,"ResponseTime":66,"Ip":null,"Level":10,"Message":"Iniciando servicio kalumnManagement","DateTime":"2023-05-25 06:02:52","Version":"v1"}
{"Name":"KalumManagement","HostName":"CCASERGIOCP","ApiKey":"N/A","Uri":"N/A","ResponseCode":0,"ResponseTime":32,"Ip":null,"Level":10,"Message":"Iniciando servicio kalumnManagement","DateTime":"2023-06-06 03:21:43","Version":"v1"}
{"Name":"KalumManagement","HostName":"CCASERGIOCP","ApiKey":"N/A","Uri":"N/A","ResponseCode":0,"ResponseTime":820,"Ip":null,"Level":10,"Message":"Iniciando servicio kalumnManagement","DateTime":"2023-06-06 03:55:55","Version":"v1"}
{"Name":"KalumManagement","HostName":"CCASERGIOCP","ApiKey":"N/A","Uri":"N/A","ResponseCode":0,"ResponseTime":111,"Ip":null,"Level":10,"Message":"Iniciando servicio kalumnManagement","DateTime":"2023-06-06 03:57:47","Version":"v1"}
{"Name":"KalumManagement","HostName":"CCASERGIOCP","ApiKey":"N/A","Uri":"N/A","ResponseCode":0,"ResponseTime":382,"Ip":null,"Level":10,"Message":"Iniciando servicio kalumnManagement","DateTime":"2023-06-06 03:58:55","Version":"v1"}
{"Name":"KalumManagement","HostName":"CCASERGIOCP","ApiKey":"N/A","Uri":"N/A","ResponseCode":0,"ResponseTime":515,"Ip":null,"Level":10,"Message":"Iniciando servicio kalumnManagement","DateTime":"2023-06-06 04:00:36","Version":"v1"}
{"Name":"KalumManagement","HostName":"CCASERGIOCP","ApiKey":"N/A","Uri":"N/A","ResponseCode":0,"ResponseTime":632,"Ip":null,"Level":10,"Message":"Iniciando servicio kalumnManagement","DateTime":"2023-06-06 04:01:23","Version":"v1"}
{"Name":"KalumManagement","HostName":"CCASERGIOCP","ApiKey":"N/A","Uri":"N/A","ResponseCode":0,"ResponseTime":594,"Ip":null,"Level":10,"Message":"Iniciando servicio kalumnManagement","DateTime":"2023-06-06 04:02:43","Version":"v1"}
{"Name":"KalumManagement","HostName":"CCASERGIOCP","ApiKey":"N/A","Uri":"N/A","ResponseCode":0,"ResponseTime":440,"Ip":null,"Level":10,"Message":"Iniciando servicio kalumnManagement","DateTime":"2023-06-06 04:04:20","Version":"v1"}
{"Name":"KalumManagement","HostName":"CCASERGIOCP","ApiKey":"N/A","Uri":"N/A","ResponseCode":0,"ResponseTime":657,"Ip":null,"Level":10,"Message":"Iniciando servicio kalumnManagement","DateTime":"2023-06-06 04:05:08","Version":"v1"}
{"Name":"KalumManagement","HostName":"CCASERGIOCP","ApiKey":"N/A","Uri":"N/A","ResponseCode":0,"ResponseTime":408,"Ip":null,"Level":10,"Message":"Iniciando servicio kalumnManagement","DateTime":"2023-06-06 04:06:13","Version":"v1"}
{"Name":"KalumManagement","HostName":"CCASERGIOCP","ApiKey":"N/A","Uri":"N/A","ResponseCode":0,"ResponseTime":409,"Ip":null,"Level":10,"Message":"Iniciando servicio kalumnManagement","DateTime":"2023-06-06 04:10:47","Version":"v1"}
{"Name":"KalumManagement","HostName":"CCASERGIOCP","ApiKey":"N/A","Uri":"N/A","ResponseCode":0,"ResponseTime":894,"Ip":null,"Level":10,"Message":"Iniciando servicio kalumnManagement","DateTime":"2023-06-15 07:22:41","Version":"v1"}
{"Name":"KalumManagement","HostName":"CCASERGIOCP","ApiKey":"N/A","Uri":"N/A","ResponseCode":0,"ResponseTime":328,"Ip":null,"Level":10,"Message":"Iniciando servicio kalumnManagement","DateTime":"2023-06-20 04:01:55","Version":"v1"}
{"Name":"KalumManagement","HostName":"CCASERGIOCP","ApiKey":"N/A","Uri":"N/A","ResponseCode":0,"ResponseTime":245,"Ip":null,"Level":10,"Message":"Iniciando servicio kalumnManagement","DateTime":"2023-06-22 02:51:43","Version":"v1"}
{"Name":"KalumManagement","HostName":"CCASERGIOCP","ApiKey":"N/A","Uri":"N/A","ResponseCode":0,"ResponseTime":793,"Ip":null,"Level":10,"Message":"Iniciando servicio kalumnManagement","DateTime":"2023-06-22 05:16:49","Version":"v1"}
{"Name":"KalumManagement","HostName":"CCASERGIOCP","ApiKey":"N/A","Uri":"N/A","ResponseCode":201,"ResponseTime":606,"Ip":null,"Level":20,"Message":"El proceso de su solicitud fue enviado con exito, pronto recibira una respuesta al correo 20220001-jlopez@kalum.edu.gt","DateTime":"2023-06-22 06:09:09","Version":"v1"}
{"Name":"KalumManagement","HostName":"CCASERGIOCP","ApiKey":"N/A","Uri":"N/A","ResponseCode":0,"ResponseTime":446,"Ip":null,"Level":10,"Message":"Iniciando servicio kalumnManagement","DateTime":"2023-06-22 06:20:57","Version":"v1"}
{"Name":"KalumManagement","HostName":"CCASERGIOCP","ApiKey":"N/A","Uri":"N/A","ResponseCode":201,"ResponseTime":248,"Ip":null,"Level":20,"Message":"El proceso de su solicitud fue enviado con exito, pronto recibira una respuesta al correo test01@gmail.com","DateTime":"2023-06-22 07:02:36","Version":"v1"}
{"Name":"KalumManagement","HostName":"CCASERGIOCP","ApiKey":"N/A","Uri":"N/A","ResponseCode":201,"ResponseTime":898,"Ip":null,"Level":20,"Message":"El proceso de su solicitud fue enviado con exito, pronto recibira una respuesta al correo test02@gmail.com","DateTime":"2023-06-22 07:07:29","Version":"v1"}
{"Name":"KalumManagement","HostName":"CCASERGIOCP","ApiKey":"N/A","Uri":"N/A","ResponseCode":0,"ResponseTime":966,"Ip":null,"Level":10,"Message":"Iniciando servicio kalumnManagement","DateTime":"2023-06-27 05:26:33","Version":"v1"}
{"Name":"KalumManagement","HostName":"CCASERGIOCP","ApiKey":"N/A","Uri":"N/A","ResponseCode":0,"ResponseTime":43,"Ip":null,"Level":10,"Message":"Iniciando servicio kalumnManagement","DateTime":"2023-06-27 08:01:16","Version":"v1"}
{"Name":"KalumManagement","HostName":"CCASERGIOCP","ApiKey":"N/A","Uri":"N/A","ResponseCode":0,"ResponseTime":861,"Ip":null,"Level":10,"Message":"Iniciando servicio kalumnManagement","DateTime":"2023-06-27 08:11:39","Version":"v1"}
{"Name":"KalumManagement","HostName":"CCASERGIOCP","ApiKey":"N/A","Uri":"N/A","ResponseCode":0,"ResponseTime":57,"Ip":null,"Level":10,"Message":"Iniciando servicio kalumnManagement","DateTime":"2023-06-27 08:23:44","Version":"v1"}
{"Name":"KalumManagement","HostName":"CCASERGIOCP","ApiKey":"N/A","Uri":"N/A","ResponseCode":0,"ResponseTime":30,"Ip":null,"Level":10,"Message":"Iniciando servicio kalumnManagement","DateTime":"2023-06-27 08:27:51","Version":"v1"}
{"Name":"KalumManagement","HostName":"CCASERGIOCP","ApiKey":"N/A","Uri":"N/A","ResponseCode":0,"ResponseTime":408,"Ip":null,"Level":10,"Message":"Iniciando servicio kalumnManagement","DateTime":"2023-06-27 08:29:17","Version":"v1"}
{"Name":"KalumManagement","HostName":"CCASERGIOCP","ApiKey":"N/A","Uri":"N/A","ResponseCode":0,"ResponseTime":848,"Ip":null,"Level":10,"Message":"Iniciando servicio kalumnManagement","DateTime":"2023-06-27 08:31:28","Version":"v1"}
{"Name":"KalumManagement","HostName":"CCASERGIOCP","ApiKey":"N/A","Uri":"N/A","ResponseCode":201,"ResponseTime":5,"Ip":null,"Level":20,"Message":"El proceso de su solicitud fue enviado con exito, pronto recibira una respuesta al correo xxx@gmail.com","DateTime":"2023-06-27 08:31:47","Version":"v1"}
{"Name":"KalumManagement","HostName":"CCASERGIOCP","ApiKey":"N/A","Uri":"N/A","ResponseCode":201,"ResponseTime":256,"Ip":null,"Level":20,"Message":"El proceso de su solicitud fue enviado con exito, pronto recibira una respuesta al correo test03@gmail.com","DateTime":"2023-06-27 08:40:00","Version":"v1"}
{"Name":"KalumManagement","HostName":"CCASERGIOCP","ApiKey":"N/A","Uri":"N/A","ResponseCode":201,"ResponseTime":125,"Ip":null,"Level":20,"Message":"El proceso de su solicitud fue enviado con exito, pronto recibira una respuesta al correo xxx@gmail.com","DateTime":"2023-06-27 08:40:36","Version":"v1"}
{"Name":"KalumManagement","HostName":"CCASERGIOCP","ApiKey":"N/A","Uri":"N/A","ResponseCode":0,"ResponseTime":493,"Ip":null,"Level":10,"Message":"Iniciando servicio kalumnManagement","DateTime":"2023-07-04 03:09:36","Version":"v1"}
{"Name":"KalumManagement","HostName":"CCASERGIOCP","ApiKey":"N/A","Uri":"N/A","ResponseCode":201,"ResponseTime":87,"Ip":null,"Level":20,"Message":"El proceso de su solicitud fue enviado con exito, pronto recibira una respuesta al correo xxx@gmail.com","DateTime":"2023-07-04 03:09:49","Version":"v1"}
{"Name":"KalumManagement","HostName":"CCASERGIOCP","ApiKey":"N/A","Uri":"N/A","ResponseCode":0,"ResponseTime":366,"Ip":null,"Level":10,"Message":"Iniciando servicio kalumnManagement","DateTime":"2023-07-04 05:22:29","Version":"v1"}
{"Name":"KalumManagement","HostName":"CCASERGIOCP","ApiKey":"N/A","Uri":"N/A","ResponseCode":0,"ResponseTime":926,"Ip":null,"Level":10,"Message":"Iniciando servicio kalumnManagement","DateTime":"2023-07-05 10:21:03","Version":"v1"}
{"Name":"KalumManagement","HostName":"CCASERGIOCP","ApiKey":"N/A","Uri":"N/A","ResponseCode":201,"ResponseTime":586,"Ip":null,"Level":20,"Message":"El proceso de su solicitud fue enviado con exito, pronto recibira una respuesta al correo sergioivan1191@gmail.com","DateTime":"2023-07-05 10:28:21","Version":"v1"}
{"Name":"KalumManagement","HostName":"CCASERGIOCP","ApiKey":"N/A","Uri":"N/A","ResponseCode":0,"ResponseTime":500,"Ip":null,"Level":10,"Message":"Iniciando servicio kalumnManagement","DateTime":"2023-07-06 05:09:50","Version":"v1"}
{"Name":"KalumManagement","HostName":"CCASERGIOCP","ApiKey":"N/A","Uri":"N/A","ResponseCode":201,"ResponseTime":559,"Ip":null,"Level":20,"Message":"El proceso de su solicitud fue enviado con exito, pronto recibira una respuesta al correo scastellanosc1@miumg.edu.gt","DateTime":"2023-07-06 10:47:49","Version":"v1"}
{"Name":"KalumManagement","HostName":"CCASERGIOCP","ApiKey":"N/A","Uri":"N/A","ResponseCode":201,"ResponseTime":773,"Ip":null,"Level":20,"Message":"El proceso de su solicitud fue enviado con exito, pronto recibira una respuesta al correo sergioivan1191@gmail.com","DateTime":"2023-07-06 10:53:50","Version":"v1"}
{"Name":"KalumManagement","HostName":"CCASERGIOCP","ApiKey":"N/A","Uri":"N/A","ResponseCode":201,"ResponseTime":926,"Ip":null,"Level":20,"Message":"El proceso de su solicitud fue enviado con exito, pronto recibira una respuesta al correo sergioivan1191@gmail.com","DateTime":"2023-07-06 11:00:55","Version":"v1"}
{"Name":"KalumManagement","HostName":"CCASERGIOCP","ApiKey":"N/A","Uri":"N/A","ResponseCode":201,"ResponseTime":109,"Ip":null,"Level":20,"Message":"El proceso de su solicitud fue enviado con exito, pronto recibira una respuesta al correo sergioivan1191@gmail.com","DateTime":"2023-07-06 11:04:07","Version":"v1"}
{"Name":"KalumManagement","HostName":"CCASERGIOCP","ApiKey":"N/A","Uri":"N/A","ResponseCode":0,"ResponseTime":896,"Ip":null,"Level":10,"Message":"Iniciando servicio kalumnManagement","DateTime":"2023-07-11 02:40:03","Version":"v1"}
{"Name":"KalumManagement","HostName":"CCASERGIOCP","ApiKey":"N/A","Uri":"N/A","ResponseCode":201,"ResponseTime":72,"Ip":null,"Level":20,"Message":"El proceso de su solicitud fue enviado con exito, pronto recibira una respuesta al correo sergioivan1191@gmail.com","DateTime":"2023-07-11 05:33:01","Version":"v1"}
{"Name":"KalumManagement","HostName":"CCASERGIOCP","ApiKey":"N/A","Uri":"N/A","ResponseCode":0,"ResponseTime":589,"Ip":null,"Level":10,"Message":"Iniciando servicio kalumnManagement","DateTime":"2023-07-11 06:20:46","Version":"v1"}
{"Name":"KalumManagement","HostName":"CCASERGIOCP","ApiKey":"N/A","Uri":"N/A","ResponseCode":0,"ResponseTime":559,"Ip":null,"Level":10,"Message":"Iniciando servicio kalumnManagement","DateTime":"2023-07-11 06:51:52","Version":"v1"}
{"Name":"KalumManagement","HostName":"CCASERGIOCP","ApiKey":"N/A","Uri":"N/A","ResponseCode":201,"ResponseTime":961,"Ip":null,"Level":20,"Message":"El proceso de su solicitud fue enviado con exito, pronto recibira una respuesta al correo sergioivan1191@gmail.com","DateTime":"2023-07-11 07:24:07","Version":"v1"}
{"Name":"KalumManagement","HostName":"CCASERGIOCP","ApiKey":"N/A","Uri":"N/A","ResponseCode":0,"ResponseTime":381,"Ip":null,"Level":10,"Message":"Iniciando servicio kalumnManagement","DateTime":"2023-07-13 03:00:18","Version":"v1"}
{"Name":"KalumManagement","HostName":"CCASERGIOCP","ApiKey":"N/A","Uri":"N/A","ResponseCode":0,"ResponseTime":843,"Ip":null,"Level":10,"Message":"Iniciando servicio kalumnManagement","DateTime":"2023-07-13 07:29:41","Version":"v1"}
{"Name":"KalumManagement","HostName":"CCASERGIOCP","ApiKey":"N/A","Uri":"N/A","ResponseCode":201,"ResponseTime":29,"Ip":null,"Level":20,"Message":"El proceso de su solicitud fue enviado con exito, pronto recibira una respuesta al correo xxx@gmail.com","DateTime":"2023-07-13 10:39:11","Version":"v1"}
{"Name":"KalumManagement","HostName":"CCASERGIOCP","ApiKey":"N/A","Uri":"N/A","ResponseCode":201,"ResponseTime":498,"Ip":null,"Level":20,"Message":"El proceso de su solicitud fue enviado con exito, pronto recibira una respuesta al correo xxx@gmail.com","DateTime":"2023-07-13 10:45:14","Version":"v1"}
{"Name":"KalumManagement","HostName":"CCASERGIOCP","ApiKey":"N/A","Uri":"N/A","ResponseCode":201,"ResponseTime":723,"Ip":null,"Level":20,"Message":"El proceso de su solicitud fue enviado con exito, pronto recibira una respuesta al correo xxx@gmail.com","DateTime":"2023-07-13 11:10:52","Version":"v1"}
{"Name":"KalumManagement","HostName":"CCASERGIOCP","ApiKey":"N/A","Uri":"N/A","ResponseCode":0,"ResponseTime":259,"Ip":null,"Level":10,"Message":"Iniciando servicio kalumnManagement","DateTime":"2023-07-18 05:02:34","Version":"v1"}
{"Name":"KalumManagement","HostName":"CCASERGIOCP","ApiKey":"N/A","Uri":"N/A","ResponseCode":0,"ResponseTime":661,"Ip":null,"Level":10,"Message":"Iniciando servicio kalumnManagement","DateTime":"2023-07-18 05:42:51","Version":"v1"}
{"Name":"KalumManagement","HostName":"CCASERGIOCP","ApiKey":"N/A","Uri":"N/A","ResponseCode":0,"ResponseTime":574,"Ip":null,"Level":10,"Message":"Iniciando servicio kalumnManagement","DateTime":"2023-07-18 05:45:44","Version":"v1"}
{"Name":"KalumManagement","HostName":"CCASERGIOCP","ApiKey":"N/A","Uri":"N/A","ResponseCode":0,"ResponseTime":184,"Ip":null,"Level":10,"Message":"Iniciando servicio kalumnManagement","DateTime":"2023-07-18 05:47:19","Version":"v1"}
{"Name":"KalumManagement","HostName":"CCASERGIOCP","ApiKey":"N/A","Uri":"N/A","ResponseCode":201,"ResponseTime":218,"Ip":null,"Level":20,"Message":"El proceso de su solicitud fue enviado con exito, pronto recibira una respuesta al correo edwintumax@gmail.com","DateTime":"2023-07-18 06:06:13","Version":"v1"}
{"Name":"KalumManagement","HostName":"CCASERGIOCP","ApiKey":"N/A","Uri":"N/A","ResponseCode":201,"ResponseTime":151,"Ip":null,"Level":20,"Message":"El proceso de su solicitud fue enviado con exito, pronto recibira una respuesta al correo xxx@gmail.com","DateTime":"2023-07-18 06:31:35","Version":"v1"}
{"Name":"KalumManagement","HostName":"CCASERGIOCP","ApiKey":"N/A","Uri":"N/A","ResponseCode":0,"ResponseTime":585,"Ip":null,"Level":10,"Message":"Iniciando servicio kalumnManagement","DateTime":"2023-07-21 03:48:54","Version":"v1"}
{"Name":"KalumManagement","HostName":"CCASERGIOCP","ApiKey":"N/A","Uri":"N/A","ResponseCode":0,"ResponseTime":598,"Ip":null,"Level":10,"Message":"Iniciando servicio kalumnManagement","DateTime":"2023-07-27 05:59:09","Version":"v1"}
{"Name":"KalumManagement","HostName":"CCASERGIOCP","ApiKey":"N/A","Uri":"N/A","ResponseCode":0,"ResponseTime":430,"Ip":null,"Level":10,"Message":"Iniciando servicio kalumnManagement","DateTime":"2023-07-27 06:27:37","Version":"v1"}
{"Name":"KalumManagement","HostName":"CCASERGIOCP","ApiKey":"N/A","Uri":"N/A","ResponseCode":0,"ResponseTime":423,"Ip":null,"Level":10,"Message":"Iniciando servicio kalumnManagement","DateTime":"2023-07-27 07:21:55","Version":"v1"}
{"Name":"KalumManagement","HostName":"CCASERGIOCP","ApiKey":"N/A","Uri":"N/A","ResponseCode":0,"ResponseTime":991,"Ip":null,"Level":10,"Message":"Iniciando servicio kalumnManagement","DateTime":"2023-07-27 08:00:25","Version":"v1"}
{"Name":"KalumManagement","HostName":"CCASERGIOCP","ApiKey":"N/A","Uri":"N/A","ResponseCode":0,"ResponseTime":4,"Ip":null,"Level":10,"Message":"Iniciando servicio kalumnManagement","DateTime":"2023-07-27 08:01:18","Version":"v1"}
{"Name":"KalumManagement","HostName":"CCASERGIOCP","ApiKey":"N/A","Uri":"N/A","ResponseCode":0,"ResponseTime":146,"Ip":null,"Level":10,"Message":"Iniciando servicio kalumnManagement","DateTime":"2023-07-27 09:35:31","Version":"v1"}
{"Name":"KalumManagement","HostName":"CCASERGIOCP","ApiKey":"N/A","Uri":"N/A","ResponseCode":0,"ResponseTime":114,"Ip":null,"Level":10,"Message":"Iniciando servicio kalumnManagement","DateTime":"2023-07-27 09:37:02","Version":"v1"}
{"Name":"KalumManagement","HostName":"CCASERGIOCP","ApiKey":"N/A","Uri":"N/A","ResponseCode":0,"ResponseTime":557,"Ip":null,"Level":10,"Message":"Iniciando servicio kalumnManagement","DateTime":"2023-08-01 04:10:01","Version":"v1"}
{"Name":"KalumManagement","HostName":"CCASERGIOCP","ApiKey":"N/A","Uri":"N/A","ResponseCode":0,"ResponseTime":122,"Ip":null,"Level":10,"Message":"Iniciando servicio kalumnManagement","DateTime":"2023-08-01 04:43:03","Version":"v1"}
{"Name":"KalumManagement","HostName":"CCASERGIOCP","ApiKey":"N/A","Uri":"N/A","ResponseCode":0,"ResponseTime":183,"Ip":null,"Level":10,"Message":"Iniciando servicio kalumnManagement","DateTime":"2023-08-02 02:44:47","Version":"v1"}
{"Name":"KalumManagement","HostName":"CCASERGIOCP","ApiKey":"N/A","Uri":"N/A","ResponseCode":0,"ResponseTime":609,"Ip":null,"Level":10,"Message":"Iniciando servicio kalumnManagement","DateTime":"2023-08-03 02:58:21","Version":"v1"}
{"Name":"KalumManagement","HostName":"CCASERGIOCP","ApiKey":"N/A","Uri":"N/A","ResponseCode":0,"ResponseTime":846,"Ip":null,"Level":10,"Message":"Iniciando servicio kalumnManagement","DateTime":"2023-08-06 10:10:35","Version":"v1"}
{"Name":"KalumManagement","HostName":"CCASERGIOCP","ApiKey":"N/A","Uri":"N/A","ResponseCode":0,"ResponseTime":992,"Ip":null,"Level":10,"Message":"Iniciando servicio kalumnManagement","DateTime":"2023-08-06 01:13:42","Version":"v1"}
{"Name":"KalumManagement","HostName":"CCASERGIOCP","ApiKey":"N/A","Uri":"N/A","ResponseCode":0,"ResponseTime":426,"Ip":null,"Level":10,"Message":"Iniciando servicio kalumnManagement","DateTime":"2023-08-06 01:15:47","Version":"v1"}
{"Name":"KalumManagement","HostName":"CCASERGIOCP","ApiKey":"N/A","Uri":"N/A","ResponseCode":201,"ResponseTime":874,"Ip":null,"Level":20,"Message":"El proceso de su solicitud fue enviado con exito, pronto recibira una respuesta al correo sergioivan1191@gmail.com","DateTime":"2023-08-06 04:19:49","Version":"v1"}
{"Name":"KalumManagement","HostName":"CCASERGIOCP","ApiKey":"N/A","Uri":"N/A","ResponseCode":201,"ResponseTime":210,"Ip":null,"Level":20,"Message":"El proceso de su solicitud fue enviado con exito, pronto recibira una respuesta al correo sergioivan1191@gmail.com","DateTime":"2023-08-06 04:23:13","Version":"v1"}
{"Name":"KalumManagement","HostName":"CCASERGIOCP","ApiKey":"N/A","Uri":"N/A","ResponseCode":201,"ResponseTime":8,"Ip":null,"Level":20,"Message":"El proceso de su solicitud fue enviado con exito, pronto recibira una respuesta al correo sergioivan1191@gmail.com","DateTime":"2023-08-06 04:25:18","Version":"v1"}
{"Name":"KalumManagement","HostName":"CCASERGIOCP","ApiKey":"N/A","Uri":"N/A","ResponseCode":201,"ResponseTime":931,"Ip":null,"Level":20,"Message":"El proceso de su solicitud fue enviado con exito, pronto recibira una respuesta al correo sergioivan1191@gmail.com","DateTime":"2023-08-06 04:26:00","Version":"v1"}
{"Name":"KalumManagement","HostName":"CCASERGIOCP","ApiKey":"N/A","Uri":"N/A","ResponseCode":201,"ResponseTime":657,"Ip":null,"Level":20,"Message":"El proceso de su solicitud fue enviado con exito, pronto recibira una respuesta al correo sergioivan1191@gmail.com","DateTime":"2023-08-06 04:27:25","Version":"v1"}
{"Name":"KalumManagement","HostName":"CCASERGIOCP","ApiKey":"N/A","Uri":"N/A","ResponseCode":0,"ResponseTime":44,"Ip":null,"Level":10,"Message":"Iniciando servicio kalumnManagement","DateTime":"2023-08-09 08:57:12","Version":"v1"}
{"Name":"KalumManagement","HostName":"CCASERGIOCP","ApiKey":"N/A","Uri":"N/A","ResponseCode":0,"ResponseTime":575,"Ip":null,"Level":10,"Message":"Iniciando servicio kalumnManagement","DateTime":"2023-08-09 09:26:35","Version":"v1"}
{"Name":"KalumManagement","HostName":"CCASERGIOCP","ApiKey":"N/A","Uri":"N/A","ResponseCode":0,"ResponseTime":742,"Ip":null,"Level":10,"Message":"Iniciando servicio kalumnManagement","DateTime":"2023-08-09 09:32:09","Version":"v1"}
{"Name":"KalumManagement","HostName":"CCASERGIOCP","ApiKey":"N/A","Uri":"N/A","ResponseCode":201,"ResponseTime":980,"Ip":null,"Level":20,"Message":"El proceso de su solicitud fue enviado con exito, pronto recibira una respuesta al correo sergioivan1191@gmail.com","DateTime":"2023-08-09 09:36:44","Version":"v1"}
{"Name":"KalumManagement","HostName":"CCASERGIOCP","ApiKey":"N/A","Uri":"N/A","ResponseCode":201,"ResponseTime":903,"Ip":null,"Level":20,"Message":"El proceso de su solicitud fue enviado con exito, pronto recibira una respuesta al correo sergioivan1191@gmail.com","DateTime":"2023-08-09 10:27:22","Version":"v1"}
{"Name":"KalumManagement","HostName":"CCASERGIOCP","ApiKey":"N/A","Uri":"N/A","ResponseCode":201,"ResponseTime":434,"Ip":null,"Level":20,"Message":"El proceso de su solicitud fue enviado con exito, pronto recibira una respuesta al correo sergioivan1191@gmail.com","DateTime":"2023-08-09 10:30:30","Version":"v1"}
{"Name":"KalumManagement","HostName":"CCASERGIOCP","ApiKey":"N/A","Uri":"N/A","ResponseCode":201,"ResponseTime":925,"Ip":null,"Level":20,"Message":"El proceso de su solicitud fue enviado con exito, pronto recibira una respuesta al correo sergioivan1191@gmail.com","DateTime":"2023-08-09 10:51:26","Version":"v1"}
{"Name":"KalumManagement","HostName":"CCASERGIOCP","ApiKey":"N/A","Uri":"N/A","ResponseCode":201,"ResponseTime":466,"Ip":null,"Level":20,"Message":"El proceso de su solicitud fue enviado con exito, pronto recibira una respuesta al correo sergioivan1191@gmail.com","DateTime":"2023-08-09 12:11:32","Version":"v1"}
{"Name":"KalumManagement","HostName":"CCASERGIOCP","ApiKey":"N/A","Uri":"N/A","ResponseCode":201,"ResponseTime":928,"Ip":null,"Level":20,"Message":"El proceso de su solicitud fue enviado con exito, pronto recibira una respuesta al correo sergioivan1191@gmail.com","DateTime":"2023-08-09 12:14:36","Version":"v1"}
{"Name":"KalumManagement","HostName":"CCASERGIOCP","ApiKey":"N/A","Uri":"N/A","ResponseCode":201,"ResponseTime":213,"Ip":null,"Level":20,"Message":"El proceso de su solicitud fue enviado con exito, pronto recibira una respuesta al correo sergioivan1191@gmail.com","DateTime":"2023-08-09 02:26:43","Version":"v1"}
{"Name":"KalumManagement","HostName":"CCASERGIOCP","ApiKey":"N/A","Uri":"N/A","ResponseCode":201,"ResponseTime":804,"Ip":null,"Level":20,"Message":"El proceso de su solicitud fue enviado con exito, pronto recibira una respuesta al correo sergioivan1191@gmail.com","DateTime":"2023-08-09 03:18:03","Version":"v1"}
{"Name":"KalumManagement","HostName":"CCASERGIOCP","ApiKey":"N/A","Uri":"N/A","ResponseCode":201,"ResponseTime":297,"Ip":null,"Level":20,"Message":"El proceso de su solicitud fue enviado con exito, pronto recibira una respuesta al correo sergioivan1191@gmail.com","DateTime":"2023-08-09 03:19:36","Version":"v1"}
{"Name":"KalumManagement","HostName":"CCASERGIOCP","ApiKey":"N/A","Uri":"N/A","ResponseCode":201,"ResponseTime":630,"Ip":null,"Level":20,"Message":"El proceso de su solicitud fue enviado con exito, pronto recibira una respuesta al correo sergioivan1191@gmail.com","DateTime":"2023-08-09 03:29:33","Version":"v1"}
{"Name":"KalumManagement","HostName":"CCASERGIOCP","ApiKey":"N/A","Uri":"N/A","ResponseCode":201,"ResponseTime":775,"Ip":null,"Level":20,"Message":"El proceso de su solicitud fue enviado con exito, pronto recibira una respuesta al correo sergioivan1191@gmail.com","DateTime":"2023-08-09 03:30:29","Version":"v1"}
{"Name":"KalumManagement","HostName":"CCASERGIOCP","ApiKey":"N/A","Uri":"N/A","ResponseCode":0,"ResponseTime":282,"Ip":null,"Level":10,"Message":"Iniciando servicio kalumnManagement","DateTime":"2023-08-11 02:35:54","Version":"v1"}
{"Name":"KalumManagement","HostName":"CCASERGIOCP","ApiKey":"N/A","Uri":"N/A","ResponseCode":0,"ResponseTime":479,"Ip":null,"Level":10,"Message":"Iniciando servicio kalumnManagement","DateTime":"2023-08-11 03:13:57","Version":"v1"}
{"Name":"KalumManagement","HostName":"CCASERGIOCP","ApiKey":"N/A","Uri":"N/A","ResponseCode":0,"ResponseTime":737,"Ip":null,"Level":10,"Message":"Iniciando servicio kalumnManagement","DateTime":"2023-08-11 03:29:47","Version":"v1"}
{"Name":"KalumManagement","HostName":"CCASERGIOCP","ApiKey":"N/A","Uri":"N/A","ResponseCode":0,"ResponseTime":27,"Ip":null,"Level":10,"Message":"Iniciando servicio kalumnManagement","DateTime":"2023-08-11 03:32:35","Version":"v1"}
{"Name":"KalumManagement","HostName":"CCASERGIOCP","ApiKey":"N/A","Uri":"N/A","ResponseCode":0,"ResponseTime":433,"Ip":null,"Level":10,"Message":"Iniciando servicio kalumnManagement","DateTime":"2023-08-11 03:35:59","Version":"v1"}
{"Name":"KalumManagement","HostName":"CCASERGIOCP","ApiKey":"N/A","Uri":"N/A","ResponseCode":0,"ResponseTime":179,"Ip":null,"Level":10,"Message":"Iniciando servicio kalumnManagement","DateTime":"2023-08-11 03:39:45","Version":"v1"}
{"Name":"KalumManagement","HostName":"CCASERGIOCP","ApiKey":"N/A","Uri":"N/A","ResponseCode":0,"ResponseTime":960,"Ip":null,"Level":10,"Message":"Iniciando servicio kalumnManagement","DateTime":"2023-08-14 11:36:51","Version":"v1"}
{"Name":"KalumManagement","HostName":"CCASERGIOCP","ApiKey":"N/A","Uri":"N/A","ResponseCode":0,"ResponseTime":282,"Ip":null,"Level":10,"Message":"Iniciando servicio kalumnManagement","DateTime":"2023-08-14 08:00:14","Version":"v1"}
{"Name":"KalumManagement","HostName":"CCASERGIOCP","ApiKey":"N/A","Uri":"N/A","ResponseCode":0,"ResponseTime":797,"Ip":null,"Level":10,"Message":"Iniciando servicio kalumnManagement","DateTime":"2023-08-15 10:18:22","Version":"v1"}
{"Name":"KalumManagement","HostName":"CCASERGIOCP","ApiKey":"N/A","Uri":"N/A","ResponseCode":201,"ResponseTime":580,"Ip":null,"Level":20,"Message":"El proceso de su solicitud fue enviado con exito, pronto recibira una respuesta al correo sergioivan@gmail.com","DateTime":"2023-08-15 11:34:51","Version":"v1"}
{"Name":"KalumManagement","HostName":"CCASERGIOCP","ApiKey":"N/A","Uri":"N/A","ResponseCode":201,"ResponseTime":906,"Ip":null,"Level":20,"Message":"El proceso de su solicitud fue enviado con exito, pronto recibira una respuesta al correo sergioivan1191@gmail.com","DateTime":"2023-08-15 11:41:13","Version":"v1"}
{"Name":"KalumManagement","HostName":"CCASERGIOCP","ApiKey":"N/A","Uri":"N/A","ResponseCode":201,"ResponseTime":873,"Ip":null,"Level":20,"Message":"El proceso de su solicitud fue enviado con exito, pronto recibira una respuesta al correo sergioivan1191@gmail.com","DateTime":"2023-08-15 11:59:12","Version":"v1"}
{"Name":"KalumManagement","HostName":"CCASERGIOCP","ApiKey":"N/A","Uri":"N/A","ResponseCode":201,"ResponseTime":506,"Ip":null,"Level":20,"Message":"El proceso de su solicitud fue enviado con exito, pronto recibira una respuesta al correo sergioivan1191@gmail.com","DateTime":"2023-08-15 12:02:31","Version":"v1"}
{"Name":"KalumManagement","HostName":"CCASERGIOCP","ApiKey":"N/A","Uri":"N/A","ResponseCode":201,"ResponseTime":689,"Ip":null,"Level":20,"Message":"El proceso de su solicitud fue enviado con exito, pronto recibira una respuesta al correo sergioivan1191@gmail.com","DateTime":"2023-08-15 12:03:39","Version":"v1"}
{"Name":"KalumManagement","HostName":"CCASERGIOCP","ApiKey":"N/A","Uri":"N/A","ResponseCode":201,"ResponseTime":981,"Ip":null,"Level":20,"Message":"El proceso de su solicitud fue enviado con exito, pronto recibira una respuesta al correo sergioivan1191@gmail.com","DateTime":"2023-08-15 12:10:36","Version":"v1"}
{"Name":"KalumManagement","HostName":"CCASERGIOCP","ApiKey":"N/A","Uri":"N/A","ResponseCode":201,"ResponseTime":650,"Ip":null,"Level":20,"Message":"El proceso de su solicitud fue enviado con exito, pronto recibira una respuesta al correo sergioivan1191@gmail.com","DateTime":"2023-08-15 02:03:27","Version":"v1"}
{"Name":"KalumManagement","HostName":"CCASERGIOCP","ApiKey":"N/A","Uri":"N/A","ResponseCode":201,"ResponseTime":495,"Ip":null,"Level":20,"Message":"El proceso de su solicitud fue enviado con exito, pronto recibira una respuesta al correo sergioivan1191@gmail.com","DateTime":"2023-08-15 03:13:25","Version":"v1"}
{"Name":"KalumManagement","HostName":"CCASERGIOCP","ApiKey":"N/A","Uri":"N/A","ResponseCode":201,"ResponseTime":999,"Ip":null,"Level":20,"Message":"El proceso de su solicitud fue enviado con exito, pronto recibira una respuesta al correo sergioivan1191@gmail.com","DateTime":"2023-08-15 03:24:33","Version":"v1"}
{"Name":"KalumManagement","HostName":"CCASERGIOCP","ApiKey":"N/A","Uri":"N/A","ResponseCode":0,"ResponseTime":50,"Ip":null,"Level":10,"Message":"Iniciando servicio kalumnManagement","DateTime":"2023-08-16 04:46:52","Version":"v1"}
{"Name":"KalumManagement","HostName":"CCASERGIOCP","ApiKey":"N/A","Uri":"N/A","ResponseCode":201,"ResponseTime":849,"Ip":null,"Level":20,"Message":"El proceso de su solicitud fue enviado con exito, pronto recibira una respuesta al correo sergioivan1191@gmail.com","DateTime":"2023-08-16 05:54:30","Version":"v1"}
{"Name":"KalumManagement","HostName":"CCASERGIOCP","ApiKey":"N/A","Uri":"N/A","ResponseCode":201,"ResponseTime":919,"Ip":null,"Level":20,"Message":"El proceso de su solicitud fue enviado con exito, pronto recibira una respuesta al correo sergioivan1191@gmail.com","DateTime":"2023-08-16 05:58:02","Version":"v1"}
